2024-01-03 12:03:46:346 - [32minfo[39m: [32mAplicação está funcionando na porta: 3000[39m
2024-01-03 12:04:56:456 - [32minfo[39m: [32mConectou ao banco de dados![39m
2024-01-03 12:04:56:456 - [32minfo[39m: [32mAplicação está funcionando na porta: 3000[39m
2024-01-03 12:05:23:523 - [32minfo[39m: [32mConectou ao banco de dados![39m
2024-01-03 12:05:23:523 - [32minfo[39m: [32mAplicação está funcionando na porta: 3000[39m
2024-01-03 12:05:36:536 - [32minfo[39m: [32mConectou ao banco de dados![39m
2024-01-03 12:05:36:536 - [32minfo[39m: [32mAplicação está funcionando na porta: 3000[39m
2024-01-03 12:06:38:638 - [32minfo[39m: [32mConectou ao banco de dados![39m
2024-01-03 12:06:38:638 - [32minfo[39m: [32mAplicação está funcionando na porta: 3000[39m
2024-01-03 12:07:00:70 - [31merror[39m: [31mNão foi possível conectar[39m
2024-01-03 12:07:08:78 - [32minfo[39m: [32mConectou ao banco de dados![39m
2024-01-03 12:07:08:78 - [32minfo[39m: [32mAplicação está funcionando na porta: 3000[39m
2024-01-03 12:14:46:1446 - [32minfo[39m: [32mConectou ao banco de dados![39m
2024-01-03 12:14:46:1446 - [32minfo[39m: [32mAplicação está funcionando na porta: 3000[39m
2024-01-03 12:15:34:1534 - [32minfo[39m: [32mConectou ao banco de dados![39m
2024-01-03 12:15:34:1534 - [32minfo[39m: [32mAplicação está funcionando na porta: 3000[39m
2024-01-03 12:15:38:1538 - [35mhttp[39m: [35mGET /api/test 200 12 - 4.200 ms[39m
[35m[39m
2024-01-03 12:27:00:270 - [32minfo[39m: [32mConectou ao banco de dados![39m
2024-01-03 12:27:00:270 - [32minfo[39m: [32mAplicação está funcionando na porta: 3000[39m
2024-01-03 12:27:13:2713 - [32minfo[39m: [32mConectou ao banco de dados![39m
2024-01-03 12:27:13:2713 - [32minfo[39m: [32mAplicação está funcionando na porta: 3000[39m
2024-01-03 12:28:32:2832 - [35mhttp[39m: [35mPOST /api//movie 200 23 - 3.561 ms[39m
[35m[39m
2024-01-03 12:32:41:3241 - [32minfo[39m: [32mConectou ao banco de dados![39m
2024-01-03 12:32:41:3241 - [32minfo[39m: [32mAplicação está funcionando na porta: 3000[39m
2024-01-03 12:33:40:3340 - [35mhttp[39m: [35mPOST /api//movie 201 158 - 101.920 ms[39m
[35m[39m
2024-01-03 12:46:25:4625 - [32minfo[39m: [32mConectou ao banco de dados![39m
2024-01-03 12:46:25:4625 - [32minfo[39m: [32mAplicação está funcionando na porta: 3000[39m
2024-01-03 12:46:42:4642 - [35mhttp[39m: [35mPOST /api//movie 201 151 - 92.894 ms[39m
[35m[39m
2024-01-03 14:46:43:4643 - [32minfo[39m: [32mConectou ao banco de dados![39m
2024-01-03 14:46:43:4643 - [32minfo[39m: [32mAplicação está funcionando na porta: 3000[39m
2024-01-03 14:46:52:4652 - [32minfo[39m: [32mConectou ao banco de dados![39m
2024-01-03 14:46:52:4652 - [32minfo[39m: [32mAplicação está funcionando na porta: 3000[39m
2024-01-03 14:47:00:470 - [35mhttp[39m: [35mPOST /api//movie 201 143 - 122.703 ms[39m
[35m[39m
2024-01-03 14:47:34:4734 - [35mhttp[39m: [35mPOST /api//movie 422 51 - 2.488 ms[39m
[35m[39m
2024-01-03 14:49:50:4950 - [32minfo[39m: [32mConectou ao banco de dados![39m
2024-01-03 14:49:50:4950 - [32minfo[39m: [32mAplicação está funcionando na porta: 3000[39m
2024-01-03 14:50:13:5013 - [35mhttp[39m: [35mPOST /api//movie 201 174 - 117.076 ms[39m
[35m[39m
2024-01-03 14:50:20:5020 - [35mhttp[39m: [35mPOST /api//movie 201 174 - 76.386 ms[39m
[35m[39m
2024-01-03 14:50:33:5033 - [35mhttp[39m: [35mPOST /api//movie 422 56 - 2.782 ms[39m
[35m[39m
2024-01-03 14:50:46:5046 - [35mhttp[39m: [35mPOST /api//movie 201 174 - 76.515 ms[39m
[35m[39m
2024-01-03 14:50:52:5052 - [35mhttp[39m: [35mPOST /api//movie 201 174 - 76.272 ms[39m
[35m[39m
2024-01-03 14:52:28:5228 - [32minfo[39m: [32mConectou ao banco de dados![39m
2024-01-03 14:52:28:5228 - [32minfo[39m: [32mAplicação está funcionando na porta: 3000[39m
2024-01-03 14:52:33:5233 - [35mhttp[39m: [35mPOST /api//movie 422 57 - 15.159 ms[39m
[35m[39m
2024-01-03 14:52:38:5238 - [35mhttp[39m: [35mPOST /api//movie 201 174 - 89.853 ms[39m
[35m[39m
2024-01-03 14:53:32:5332 - [32minfo[39m: [32mConectou ao banco de dados![39m
2024-01-03 14:53:32:5332 - [32minfo[39m: [32mAplicação está funcionando na porta: 3000[39m
2024-01-03 14:53:42:5342 - [35mhttp[39m: [35mPOST /api//movie 422 60 - 29.658 ms[39m
[35m[39m
2024-01-03 14:54:10:5410 - [35mhttp[39m: [35mPOST /api//movie 201 208 - 141.111 ms[39m
[35m[39m
2024-01-03 14:55:21:5521 - [35mhttp[39m: [35mPOST /api//movie 422 62 - 33.330 ms[39m
[35m[39m
2024-01-03 14:55:22:5522 - [32minfo[39m: [32mConectou ao banco de dados![39m
2024-01-03 14:55:22:5522 - [32minfo[39m: [32mAplicação está funcionando na porta: 3000[39m
2024-01-03 14:55:35:5535 - [35mhttp[39m: [35mPOST /api//movie 422 62 - 10.030 ms[39m
[35m[39m
2024-01-03 14:55:42:5542 - [35mhttp[39m: [35mPOST /api//movie 201 235 - 96.782 ms[39m
[35m[39m
2024-01-03 14:56:38:5638 - [32minfo[39m: [32mConectou ao banco de dados![39m
2024-01-03 14:56:38:5638 - [32minfo[39m: [32mAplicação está funcionando na porta: 3000[39m
2024-01-03 14:58:15:5815 - [35mhttp[39m: [35mPOST /api//movie 201 421 - 112.342 ms[39m
[35m[39m
2024-01-03 15:04:01:41 - [32minfo[39m: [32mConectou ao banco de dados![39m
2024-01-03 15:04:01:41 - [32minfo[39m: [32mAplicação está funcionando na porta: 3000[39m
2024-01-03 15:04:45:445 - [32minfo[39m: [32mConectou ao banco de dados![39m
2024-01-03 15:04:45:445 - [32minfo[39m: [32mAplicação está funcionando na porta: 3000[39m
2024-01-03 15:05:59:559 - [35mhttp[39m: [35mPOST /api//movie/6595a0378f04706dbcc7cd71 404 175 - 3.999 ms[39m
[35m[39m
2024-01-03 15:06:23:623 - [35mhttp[39m: [35mGET /api//movie/6595a0378f04706dbcc7cd71 404 32 - 72.938 ms[39m
[35m[39m
2024-01-03 15:07:05:75 - [32minfo[39m: [32mConectou ao banco de dados![39m
2024-01-03 15:07:05:75 - [32minfo[39m: [32mAplicação está funcionando na porta: 3000[39m
2024-01-03 15:07:08:78 - [35mhttp[39m: [35mGET /api//movie/6595a0378f04706dbcc7cd73 200 421 - 88.731 ms[39m
[35m[39m
2024-01-03 15:12:19:1219 - [32minfo[39m: [32mConectou ao banco de dados![39m
2024-01-03 15:12:19:1219 - [32minfo[39m: [32mAplicação está funcionando na porta: 3000[39m
2024-01-03 15:12:55:1255 - [32minfo[39m: [32mConectou ao banco de dados![39m
2024-01-03 15:12:55:1255 - [32minfo[39m: [32mAplicação está funcionando na porta: 3000[39m
2024-01-03 15:13:23:1323 - [31merror[39m: [31mErro no sistema: status is not defined[39m
2024-01-03 15:13:45:1345 - [35mhttp[39m: [35mGET /api//movie - - - - ms[39m
[35m[39m
2024-01-03 15:14:05:145 - [31merror[39m: [31mErro no sistema: status is not defined[39m
2024-01-03 15:14:12:1412 - [35mhttp[39m: [35mGET /api//movie - - - - ms[39m
[35m[39m
2024-01-03 15:15:32:1532 - [32minfo[39m: [32mConectou ao banco de dados![39m
2024-01-03 15:15:32:1532 - [32minfo[39m: [32mAplicação está funcionando na porta: 3000[39m
2024-01-03 15:15:40:1540 - [35mhttp[39m: [35mGET /api//movie 200 2198 - 94.804 ms[39m
[35m[39m
2024-01-03 15:22:23:2223 - [32minfo[39m: [32mConectou ao banco de dados![39m
2024-01-03 15:22:23:2223 - [32minfo[39m: [32mAplicação está funcionando na porta: 3000[39m
2024-01-03 15:23:08:238 - [32minfo[39m: [32mConectou ao banco de dados![39m
2024-01-03 15:23:08:238 - [32minfo[39m: [32mAplicação está funcionando na porta: 3000[39m
2024-01-03 15:23:37:2337 - [35mhttp[39m: [35mDELETE /api//movie/6595a0378f04706dbcc7cd71 404 32 - 80.114 ms[39m
[35m[39m
2024-01-03 15:25:46:2546 - [32minfo[39m: [32mConectou ao banco de dados![39m
2024-01-03 15:25:46:2546 - [32minfo[39m: [32mAplicação está funcionando na porta: 3000[39m
2024-01-03 15:26:04:264 - [35mhttp[39m: [35mDELETE /api//movie/65957e545e31eeb1da09b229 200 37 - 142.956 ms[39m
[35m[39m
2024-01-03 15:26:35:2635 - [35mhttp[39m: [35mGET /api//movie 200 2039 - 66.142 ms[39m
[35m[39m
2024-01-03 15:29:24:2924 - [32minfo[39m: [32mConectou ao banco de dados![39m
2024-01-03 15:29:24:2924 - [32minfo[39m: [32mAplicação está funcionando na porta: 3000[39m
2024-01-03 15:30:09:309 - [32minfo[39m: [32mConectou ao banco de dados![39m
2024-01-03 15:30:09:309 - [32minfo[39m: [32mAplicação está funcionando na porta: 3000[39m
2024-01-03 15:30:33:3033 - [35mhttp[39m: [35mPATCH /api//movie/6595a0378f04706dbcc7cd71 404 32 - 74.918 ms[39m
[35m[39m
2024-01-03 15:33:10:3310 - [32minfo[39m: [32mConectou ao banco de dados![39m
2024-01-03 15:33:10:3310 - [32minfo[39m: [32mAplicação está funcionando na porta: 3000[39m
2024-01-03 15:33:24:3324 - [32minfo[39m: [32mConectou ao banco de dados![39m
2024-01-03 15:33:24:3324 - [32minfo[39m: [32mAplicação está funcionando na porta: 3000[39m
2024-01-03 15:36:07:367 - [35mhttp[39m: [35mPATCH /api//movie/6595a0378f04706dbcc7cd73 200 304 - 175.510 ms[39m
[35m[39m
2024-01-03 15:37:31:3731 - [32minfo[39m: [32mConectou ao banco de dados![39m
2024-01-03 15:37:31:3731 - [32minfo[39m: [32mAplicação está funcionando na porta: 3000[39m
